<?xml version="1.0" encoding="UTF-8"?>
<!-- Generated by org.testng.reporters.JUnitReportReporter -->
<testsuite hostname="Priyanka" failures="0" tests="1" name="com.automation.practise_automation.RestAssured_Test" time="4.017" errors="0" timestamp="28 May 2024 11:27:19 GMT" skipped="0">
  <testcase classname="com.automation.practise_automation.RestAssured_Test" name="testToEqual" time="4.017"/>
</testsuite> <!-- com.automation.practise_automation.RestAssured_Test -->
